0 info it worked if it ends with ok
1 verbose cli [ '/home/segu/.nvm/versions/node/v6.0.0/bin/node',
1 verbose cli   '/home/segu/.nvm/versions/node/v6.0.0/bin/npm',
1 verbose cli   'install',
1 verbose cli   'git+https://github.com/Hooptap/sdk-webcomponents.git' ]
2 info using npm@3.8.6
3 info using node@v6.0.0
4 silly loadCurrentTree Starting
5 silly install loadCurrentTree
6 silly install readLocalPackageData
7 silly fetchPackageMetaData git+https://github.com/Hooptap/sdk-webcomponents.git
8 silly fetchOtherPackageData git+https://github.com/Hooptap/sdk-webcomponents.git
9 silly cache add args [ 'git+https://github.com/Hooptap/sdk-webcomponents.git', null ]
10 verbose cache add spec git+https://github.com/Hooptap/sdk-webcomponents.git
11 silly cache add parsed spec Result {
11 silly cache add   raw: 'git+https://github.com/Hooptap/sdk-webcomponents.git',
11 silly cache add   scope: null,
11 silly cache add   name: null,
11 silly cache add   rawSpec: 'git+https://github.com/Hooptap/sdk-webcomponents.git',
11 silly cache add   spec: 'git+https://github.com/Hooptap/sdk-webcomponents.git',
11 silly cache add   type: 'hosted',
11 silly cache add   hosted:
11 silly cache add    { type: 'github',
11 silly cache add      ssh: 'git@github.com:Hooptap/sdk-webcomponents.git',
11 silly cache add      sshUrl: 'git+ssh://git@github.com/Hooptap/sdk-webcomponents.git',
11 silly cache add      httpsUrl: 'git+https://github.com/Hooptap/sdk-webcomponents.git',
11 silly cache add      gitUrl: 'git://github.com/Hooptap/sdk-webcomponents.git',
11 silly cache add      shortcut: 'github:Hooptap/sdk-webcomponents',
11 silly cache add      directUrl: 'https://raw.githubusercontent.com/Hooptap/sdk-webcomponents/master/package.json' } }
12 verbose addRemoteGit caching git+https://github.com/Hooptap/sdk-webcomponents.git
13 verbose addRemoteGit git+https://github.com/Hooptap/sdk-webcomponents.git is a repository hosted by github
14 silly tryClone cloning git+https://github.com/Hooptap/sdk-webcomponents.git via git+https://github.com/Hooptap/sdk-webcomponents.git
15 verbose tryClone git-https-github-com-Hooptap-sdk-webcomponents-git-8a73c763 not in flight; caching
16 verbose correctMkdir /home/segu/.npm/_git-remotes correctMkdir not in flight; initializing
17 info git [ 'config', '--get', 'remote.origin.url' ]
18 silly validateExistingRemote git+https://github.com/Hooptap/sdk-webcomponents.git remote.origin.url: https://github.com/Hooptap/sdk-webcomponents.git
19 verbose validateExistingRemote git+https://github.com/Hooptap/sdk-webcomponents.git is updating existing cached remote /home/segu/.npm/_git-remotes/git-https-github-com-Hooptap-sdk-webcomponents-git-8a73c763
20 info git [ 'fetch', '-a', 'origin' ]
21 verbose updateRemote git fetch -a origin (https://github.com/Hooptap/sdk-webcomponents.git)
22 verbose correctMkdir /home/segu/.npm/_git-remotes correctMkdir not in flight; initializing
23 verbose setPermissions git+https://github.com/Hooptap/sdk-webcomponents.git set permissions on /home/segu/.npm/_git-remotes/git-https-github-com-Hooptap-sdk-webcomponents-git-8a73c763
24 verbose resolveHead git+https://github.com/Hooptap/sdk-webcomponents.git original treeish: master
25 info git [ 'rev-list', '-n1', 'master' ]
26 silly resolveHead git+https://github.com/Hooptap/sdk-webcomponents.git resolved treeish: 5c5c6e7f767dd8d8f856f8c5c7698e5722ab12eb
27 verbose resolveHead git+https://github.com/Hooptap/sdk-webcomponents.git resolved Git URL: git+https://github.com/Hooptap/sdk-webcomponents.git#5c5c6e7f767dd8d8f856f8c5c7698e5722ab12eb
28 silly resolveHead Git working directory: /tmp/npm-14668-e8c1eadf/git-cache-ebf786a0/5c5c6e7f767dd8d8f856f8c5c7698e5722ab12eb
29 info git [ 'clone',
29 info git   '/home/segu/.npm/_git-remotes/git-https-github-com-Hooptap-sdk-webcomponents-git-8a73c763',
29 info git   '/tmp/npm-14668-e8c1eadf/git-cache-ebf786a0/5c5c6e7f767dd8d8f856f8c5c7698e5722ab12eb' ]
30 verbose cloneResolved git+https://github.com/Hooptap/sdk-webcomponents.git clone Cloning into '/tmp/npm-14668-e8c1eadf/git-cache-ebf786a0/5c5c6e7f767dd8d8f856f8c5c7698e5722ab12eb'...
30 verbose cloneResolved done.
31 info git [ 'checkout', '5c5c6e7f767dd8d8f856f8c5c7698e5722ab12eb' ]
32 verbose checkoutTreeish git+https://github.com/Hooptap/sdk-webcomponents.git checkout Note: checking out '5c5c6e7f767dd8d8f856f8c5c7698e5722ab12eb'.
32 verbose checkoutTreeish
32 verbose checkoutTreeish You are in 'detached HEAD' state. You can look around, make experimental
32 verbose checkoutTreeish changes and commit them, and you can discard any commits you make in this
32 verbose checkoutTreeish state without impacting any branches by performing another checkout.
32 verbose checkoutTreeish
32 verbose checkoutTreeish If you want to create a new branch to retain commits you create, you may
32 verbose checkoutTreeish do so (now or later) by using -b with the checkout command again. Example:
32 verbose checkoutTreeish
32 verbose checkoutTreeish   git checkout -b <new-branch-name>
32 verbose checkoutTreeish
32 verbose checkoutTreeish HEAD is now at 5c5c6e7... Readme added
33 info git [ 'submodule', '-q', 'update', '--init', '--recursive' ]
34 verbose updateSubmodules git+https://github.com/Hooptap/sdk-webcomponents.git submodule update
35 error addLocal Could not install /tmp/npm-14668-e8c1eadf/git-cache-ebf786a0/5c5c6e7f767dd8d8f856f8c5c7698e5722ab12eb
36 silly fetchPackageMetaData Error: EISDIR: illegal operation on a directory, read
36 silly fetchPackageMetaData     at Error (native)
36 silly fetchPackageMetaData  error for git+https://github.com/Hooptap/sdk-webcomponents.git { Error: EISDIR: illegal operation on a directory, read
36 silly fetchPackageMetaData     at Error (native) errno: -21, code: 'EISDIR', syscall: 'read' }
37 silly rollbackFailedOptional Starting
38 silly rollbackFailedOptional Finishing
39 silly runTopLevelLifecycles Starting
40 silly runTopLevelLifecycles Finishing
41 silly install printInstalled
42 verbose stack Error: EISDIR: illegal operation on a directory, read
42 verbose stack     at Error (native)
43 verbose cwd /home/segu/hooptap/sdk-webcomponents
44 error Linux 4.4.0-22-generic
45 error argv "/home/segu/.nvm/versions/node/v6.0.0/bin/node" "/home/segu/.nvm/versions/node/v6.0.0/bin/npm" "install" "git+https://github.com/Hooptap/sdk-webcomponents.git"
46 error node v6.0.0
47 error npm  v3.8.6
48 error code EISDIR
49 error errno -21
50 error syscall read
51 error eisdir EISDIR: illegal operation on a directory, read
52 error eisdir This is most likely not a problem with npm itself
52 error eisdir and is related to npm not being able to find a package.json in
52 error eisdir a package you are trying to install.
53 verbose exit [ -21, true ]
